         used (Mb) gc trigger (Mb) max used (Mb)
Ncells 270502 14.5     654365   35   446674 23.9
Vcells 452653  3.5    8388608   64  1771599 13.6
[1] "Step 1 - Required R libraries successfully loaded"
[1] "/PROJECTES/ATHLETE/analyses/22_longi_meths_benchmark_AA/Simulation/COMPLETED_EXPERIMENT/MAIN_ANALYSIS"
here() starts at /PROJECTES/ATHLETE/analyses/22_longi_meths_benchmark_AA/Simulation/COMPLETED_EXPERIMENT/MAIN_ANALYSIS
[1] "/PROJECTES/ATHLETE/analyses/22_longi_meths_benchmark_AA/Simulation/COMPLETED_EXPERIMENT/MAIN_ANALYSIS"
------------------------------------------------------------------------------
You have loaded plyr after dplyr - this is likely to cause problems.
If you need functions from both plyr and dplyr, please load plyr first, then dplyr:
library(plyr); library(dplyr)
------------------------------------------------------------------------------

Attaching package: ‘plyr’

The following objects are masked from ‘package:dplyr’:

    arrange, count, desc, failwith, id, mutate, rename, summarise,
    summarize

The following object is masked from ‘package:purrr’:

    compact

[1] "Step 2 - Loaded simulated predictor and outcome datasets"
[1] 72
socket cluster with 24 nodes on host ‘localhost’
[1] TRUE
[1] 24
[1] "Step 3 - Set up for parallelization completed"
[1] 1
Your parallel configuration is cluster
Using discrete thresholding
Using discrete L1-thresholding
Component number  1 
Number of iterations:  1 
Component number  2 
Number of iterations:  1 
sNPLS model with 2 components and squared error of 126445 
 
Coefficients: 
[1] 2
Your parallel configuration is cluster
Using discrete thresholding
Using discrete L1-thresholding
Component number  1 
Number of iterations:  1 
Component number  2 
Number of iterations:  1 
Component number  3 
Number of iterations:  1 
sNPLS model with 3 components and squared error of 124580.7 
 
Coefficients: 
[1] 3
Your parallel configuration is cluster
Using discrete thresholding
Using discrete L1-thresholding
Component number  1 
Number of iterations:  1 
Component number  2 
Number of iterations:  1 
Component number  3 
Number of iterations:  1 
sNPLS model with 3 components and squared error of 103973.8 
 
Coefficients: 
[1] 4
Your parallel configuration is cluster
Using discrete thresholding
Using discrete L1-thresholding
Component number  1 
Number of iterations:  1 
sNPLS model with 1 components and squared error of 124947.4 
 
Coefficients: 
[1] 5
Your parallel configuration is cluster
Using discrete thresholding
Using discrete L1-thresholding
Component number  1 
Number of iterations:  1 
Component number  2 
Number of iterations:  1 
Component number  3 
Number of iterations:  1 
sNPLS model with 3 components and squared error of 125860.4 
 
Coefficients: 
[1] 6
Your parallel configuration is cluster
Using discrete thresholding
Using discrete L1-thresholding
Component number  1 
Number of iterations:  1 
Component number  2 
Number of iterations:  1 
Component number  3 
Number of iterations:  1 
sNPLS model with 3 components and squared error of 120880.7 
 
Coefficients: 
[1] 7
Your parallel configuration is cluster
Using discrete thresholding
Using discrete L1-thresholding
Component number  1 
Number of iterations:  1 
sNPLS model with 1 components and squared error of 154702.9 
 
Coefficients: 
[1] 8
Your parallel configuration is cluster
Using discrete thresholding
Using discrete L1-thresholding
Component number  1 
Number of iterations:  1 
Component number  2 
Number of iterations:  1 
sNPLS model with 2 components and squared error of 147928.6 
 
Coefficients: 
[1] 9
Your parallel configuration is cluster
Using discrete thresholding
Using discrete L1-thresholding
Component number  1 
Number of iterations:  1 
sNPLS model with 1 components and squared error of 137389.2 
 
Coefficients: 
[1] 10
Your parallel configuration is cluster
Using discrete thresholding
Using discrete L1-thresholding
Component number  1 
Number of iterations:  1 
sNPLS model with 1 components and squared error of 137008.6 
 
Coefficients: 
[1] 11
Your parallel configuration is cluster
Using discrete thresholding
Using discrete L1-thresholding
Component number  1 
Number of iterations:  1 
sNPLS model with 1 components and squared error of 105337.2 
 
Coefficients: 
[1] 12
Your parallel configuration is cluster
Using discrete thresholding
Using discrete L1-thresholding
Component number  1 
Number of iterations:  1 
Component number  2 
Number of iterations:  1 
sNPLS model with 2 components and squared error of 119141.4 
 
Coefficients: 
[1] 13
Your parallel configuration is cluster
Using discrete thresholding
Using discrete L1-thresholding
Component number  1 
Number of iterations:  1 
Component number  2 
Number of iterations:  1 
sNPLS model with 2 components and squared error of 115991.6 
 
Coefficients: 
[1] 14
Your parallel configuration is cluster
Using discrete thresholding
Using discrete L1-thresholding
Component number  1 
Number of iterations:  1 
sNPLS model with 1 components and squared error of 120268 
 
Coefficients: 
[1] 15
Your parallel configuration is cluster
Using discrete thresholding
Using discrete L1-thresholding
Component number  1 
Number of iterations:  1 
sNPLS model with 1 components and squared error of 132947 
 
Coefficients: 
[1] 16
Your parallel configuration is cluster
Using discrete thresholding
Using discrete L1-thresholding
Component number  1 
Number of iterations:  1 
sNPLS model with 1 components and squared error of 114815.3 
 
Coefficients: 
[1] 17
Your parallel configuration is cluster
Using discrete thresholding
Using discrete L1-thresholding
Component number  1 
Number of iterations:  1 
Component number  2 
Number of iterations:  1 
Component number  3 
Number of iterations:  1 
sNPLS model with 3 components and squared error of 99007.7 
 
Coefficients: 
[1] 18
Your parallel configuration is cluster
Using discrete thresholding
Using discrete L1-thresholding
Component number  1 
Number of iterations:  1 
sNPLS model with 1 components and squared error of 128173.2 
 
Coefficients: 
[1] 19
Your parallel configuration is cluster
Using discrete thresholding
Using discrete L1-thresholding
Component number  1 
Number of iterations:  1 
Component number  2 
Number of iterations:  1 
Component number  3 
Number of iterations:  1 
sNPLS model with 3 components and squared error of 106437.6 
 
Coefficients: 
[1] 20
Your parallel configuration is cluster
Using discrete thresholding
Using discrete L1-thresholding
Component number  1 
Number of iterations:  1 
sNPLS model with 1 components and squared error of 134522.7 
 
Coefficients: 
[1] 21
Your parallel configuration is cluster
Using discrete thresholding
Using discrete L1-thresholding
Component number  1 
Number of iterations:  1 
Component number  2 
Number of iterations:  1 
Component number  3 
Number of iterations:  1 
sNPLS model with 3 components and squared error of 102143.8 
 
Coefficients: 
[1] 22
Your parallel configuration is cluster
Using discrete thresholding
Using discrete L1-thresholding
Component number  1 
Number of iterations:  1 
sNPLS model with 1 components and squared error of 125862.9 
 
Coefficients: 
[1] 23
Your parallel configuration is cluster
Using discrete thresholding
Using discrete L1-thresholding
Component number  1 
Number of iterations:  1 
sNPLS model with 1 components and squared error of 141866.7 
 
Coefficients: 
[1] 24
Your parallel configuration is cluster
Using discrete thresholding
Using discrete L1-thresholding
Component number  1 
Number of iterations:  1 
sNPLS model with 1 components and squared error of 111747.8 
 
Coefficients: 
[1] 25
Your parallel configuration is cluster
Using discrete thresholding
Using discrete L1-thresholding
Component number  1 
Number of iterations:  1 
sNPLS model with 1 components and squared error of 104866.5 
 
Coefficients: 
[1] 26
Your parallel configuration is cluster
Using discrete thresholding
Using discrete L1-thresholding
Component number  1 
Number of iterations:  1 
Component number  2 
Number of iterations:  1 
sNPLS model with 2 components and squared error of 111178.3 
 
Coefficients: 
[1] 27
Your parallel configuration is cluster
Using discrete thresholding
Using discrete L1-thresholding
Component number  1 
Number of iterations:  1 
Component number  2 
Number of iterations:  1 
sNPLS model with 2 components and squared error of 127010.8 
 
Coefficients: 
[1] 28
Your parallel configuration is cluster
Using discrete thresholding
Using discrete L1-thresholding
Component number  1 
Number of iterations:  1 
Component number  2 
Number of iterations:  1 
Component number  3 
Number of iterations:  1 
sNPLS model with 3 components and squared error of 108251.2 
 
Coefficients: 
[1] 29
Your parallel configuration is cluster
Using discrete thresholding
Using discrete L1-thresholding
Component number  1 
Number of iterations:  1 
Component number  2 
Number of iterations:  1 
Component number  3 
Number of iterations:  1 
sNPLS model with 3 components and squared error of 94941.56 
 
Coefficients: 
[1] 30
Your parallel configuration is cluster
Using discrete thresholding
Using discrete L1-thresholding
Component number  1 
Number of iterations:  1 
Component number  2 
Number of iterations:  1 
sNPLS model with 2 components and squared error of 163978.9 
 
Coefficients: 
[1] 31
Your parallel configuration is cluster
Using discrete thresholding
Using discrete L1-thresholding
Component number  1 
Number of iterations:  1 
Component number  2 
Number of iterations:  1 
Component number  3 
Number of iterations:  1 
sNPLS model with 3 components and squared error of 117329.3 
 
Coefficients: 
[1] 32
Your parallel configuration is cluster
Using discrete thresholding
Using discrete L1-thresholding
Component number  1 
Number of iterations:  1 
Component number  2 
Number of iterations:  1 
sNPLS model with 2 components and squared error of 113122.1 
 
Coefficients: 
[1] 33
Your parallel configuration is cluster
Using discrete thresholding
Using discrete L1-thresholding
Component number  1 
Number of iterations:  1 
sNPLS model with 1 components and squared error of 103923.8 
 
Coefficients: 
[1] 34
Your parallel configuration is cluster
Using discrete thresholding
Using discrete L1-thresholding
Component number  1 
Number of iterations:  1 
Component number  2 
Number of iterations:  1 
Component number  3 
Number of iterations:  1 
sNPLS model with 3 components and squared error of 139510.6 
 
Coefficients: 
[1] 35
Your parallel configuration is cluster
Using discrete thresholding
Using discrete L1-thresholding
Component number  1 
Number of iterations:  1 
Component number  2 
Number of iterations:  1 
Component number  3 
Number of iterations:  1 
sNPLS model with 3 components and squared error of 125755.9 
 
Coefficients: 
[1] 36
Your parallel configuration is cluster
Using discrete thresholding
Using discrete L1-thresholding
Component number  1 
Number of iterations:  1 
Component number  2 
Number of iterations:  1 
Component number  3 
Number of iterations:  1 
sNPLS model with 3 components and squared error of 114976.2 
 
Coefficients: 
[1] 37
Your parallel configuration is cluster
Using discrete thresholding
Using discrete L1-thresholding
Component number  1 
Number of iterations:  1 
Component number  2 
Number of iterations:  1 
Component number  3 
Number of iterations:  1 
sNPLS model with 3 components and squared error of 119565.7 
 
Coefficients: 
[1] 38
Your parallel configuration is cluster
Using discrete thresholding
Using discrete L1-thresholding
Component number  1 
Number of iterations:  1 
Component number  2 
Number of iterations:  1 
Component number  3 
Number of iterations:  1 
sNPLS model with 3 components and squared error of 133723 
 
Coefficients: 
[1] 39
Your parallel configuration is cluster
Using discrete thresholding
Using discrete L1-thresholding
Component number  1 
Number of iterations:  1 
sNPLS model with 1 components and squared error of 126139.7 
 
Coefficients: 
[1] 40
Your parallel configuration is cluster
Using discrete thresholding
Using discrete L1-thresholding
Component number  1 
Number of iterations:  1 
Component number  2 
Number of iterations:  1 
Component number  3 
Number of iterations:  1 
sNPLS model with 3 components and squared error of 127782.9 
 
Coefficients: 
[1] 41
Your parallel configuration is cluster
Using discrete thresholding
Using discrete L1-thresholding
Component number  1 
Number of iterations:  1 
Component number  2 
Number of iterations:  1 
Component number  3 
Number of iterations:  1 
sNPLS model with 3 components and squared error of 102332.5 
 
Coefficients: 
[1] 42
Your parallel configuration is cluster
Using discrete thresholding
Using discrete L1-thresholding
Component number  1 
Number of iterations:  1 
Component number  2 
Number of iterations:  1 
Component number  3 
Number of iterations:  1 
sNPLS model with 3 components and squared error of 101942.5 
 
Coefficients: 
[1] 43
Your parallel configuration is cluster
Using discrete thresholding
Using discrete L1-thresholding
Component number  1 
Number of iterations:  1 
sNPLS model with 1 components and squared error of 128252.8 
 
Coefficients: 
[1] 44
Your parallel configuration is cluster
Using discrete thresholding
Using discrete L1-thresholding
Component number  1 
Number of iterations:  1 
Component number  2 
Number of iterations:  1 
Component number  3 
Number of iterations:  1 
sNPLS model with 3 components and squared error of 112495.5 
 
Coefficients: 
[1] 45
Your parallel configuration is cluster
Using discrete thresholding
Using discrete L1-thresholding
Component number  1 
Number of iterations:  1 
sNPLS model with 1 components and squared error of 130068 
 
Coefficients: 
[1] 46
Your parallel configuration is cluster
Using discrete thresholding
Using discrete L1-thresholding
Component number  1 
Number of iterations:  1 
Component number  2 
Number of iterations:  1 
Component number  3 
Number of iterations:  1 
sNPLS model with 3 components and squared error of 99849.86 
 
Coefficients: 
[1] 47
Your parallel configuration is cluster
Using discrete thresholding
Using discrete L1-thresholding
Component number  1 
Number of iterations:  1 
Component number  2 
Number of iterations:  1 
sNPLS model with 2 components and squared error of 121575.7 
 
Coefficients: 
[1] 48
Your parallel configuration is cluster
Using discrete thresholding
Using discrete L1-thresholding
Component number  1 
Number of iterations:  1 
Component number  2 
Number of iterations:  1 
Component number  3 
Number of iterations:  1 
sNPLS model with 3 components and squared error of 149019.9 
 
Coefficients: 
[1] 49
Your parallel configuration is cluster
Using discrete thresholding
Using discrete L1-thresholding
Component number  1 
Number of iterations:  1 
Component number  2 
Number of iterations:  1 
sNPLS model with 2 components and squared error of 127756.7 
 
Coefficients: 
[1] 50
Your parallel configuration is cluster
Using discrete thresholding
Using discrete L1-thresholding
Component number  1 
Number of iterations:  1 
Component number  2 
Number of iterations:  1 
Component number  3 
Number of iterations:  1 
sNPLS model with 3 components and squared error of 127301 
 
Coefficients: 
[1] 51
Your parallel configuration is cluster
Using discrete thresholding
Using discrete L1-thresholding
Component number  1 
Number of iterations:  1 
Component number  2 
Number of iterations:  1 
sNPLS model with 2 components and squared error of 115068.4 
 
Coefficients: 
[1] 52
Your parallel configuration is cluster
Using discrete thresholding
Using discrete L1-thresholding
Component number  1 
Number of iterations:  1 
Component number  2 
Number of iterations:  1 
sNPLS model with 2 components and squared error of 137129.8 
 
Coefficients: 
[1] 53
Your parallel configuration is cluster
Using discrete thresholding
Using discrete L1-thresholding
Component number  1 
Number of iterations:  1 
Component number  2 
Number of iterations:  1 
sNPLS model with 2 components and squared error of 119538 
 
Coefficients: 
[1] 54
Your parallel configuration is cluster
Using discrete thresholding
Using discrete L1-thresholding
Component number  1 
Number of iterations:  1 
Component number  2 
Number of iterations:  1 
Component number  3 
Number of iterations:  1 
sNPLS model with 3 components and squared error of 133767.9 
 
Coefficients: 
[1] 55
Your parallel configuration is cluster
Using discrete thresholding
Using discrete L1-thresholding
Component number  1 
Number of iterations:  1 
sNPLS model with 1 components and squared error of 127966 
 
Coefficients: 
[1] 56
Your parallel configuration is cluster
Using discrete thresholding
Using discrete L1-thresholding
Component number  1 
Number of iterations:  1 
Component number  2 
Number of iterations:  1 
Component number  3 
Number of iterations:  1 
sNPLS model with 3 components and squared error of 122992.5 
 
Coefficients: 
[1] 57
Your parallel configuration is cluster
Using discrete thresholding
Using discrete L1-thresholding
Component number  1 
Number of iterations:  1 
Component number  2 
Number of iterations:  1 
Component number  3 
Number of iterations:  1 
sNPLS model with 3 components and squared error of 109107.3 
 
Coefficients: 
[1] 58
Your parallel configuration is cluster
Using discrete thresholding
Using discrete L1-thresholding
Component number  1 
Number of iterations:  1 
sNPLS model with 1 components and squared error of 134901.5 
 
Coefficients: 
[1] 59
Your parallel configuration is cluster
Using discrete thresholding
Using discrete L1-thresholding
Component number  1 
Number of iterations:  1 
sNPLS model with 1 components and squared error of 119091.4 
 
Coefficients: 
[1] 60
Your parallel configuration is cluster
Using discrete thresholding
Using discrete L1-thresholding
Component number  1 
Number of iterations:  1 
Component number  2 
Number of iterations:  1 
Component number  3 
Number of iterations:  1 
sNPLS model with 3 components and squared error of 127494.2 
 
Coefficients: 
[1] 61
Your parallel configuration is cluster
Using discrete thresholding
Using discrete L1-thresholding
Component number  1 
Number of iterations:  1 
Component number  2 
Number of iterations:  1 
Component number  3 
Number of iterations:  1 
sNPLS model with 3 components and squared error of 111081.2 
 
Coefficients: 
[1] 62
Your parallel configuration is cluster
Using discrete thresholding
Using discrete L1-thresholding
Component number  1 
Number of iterations:  1 
Component number  2 
Number of iterations:  1 
Component number  3 
Number of iterations:  1 
sNPLS model with 3 components and squared error of 117017.8 
 
Coefficients: 
[1] 63
Your parallel configuration is cluster
Using discrete thresholding
Using discrete L1-thresholding
Component number  1 
Number of iterations:  1 
Component number  2 
Number of iterations:  1 
sNPLS model with 2 components and squared error of 111475.1 
 
Coefficients: 
[1] 64
Your parallel configuration is cluster
Using discrete thresholding
Using discrete L1-thresholding
Component number  1 
Number of iterations:  1 
sNPLS model with 1 components and squared error of 114784.9 
 
Coefficients: 
[1] 65
Your parallel configuration is cluster
Using discrete thresholding
Using discrete L1-thresholding
Component number  1 
Number of iterations:  1 
Component number  2 
Number of iterations:  1 
sNPLS model with 2 components and squared error of 114656.3 
 
Coefficients: 
[1] 66
Your parallel configuration is cluster
Using discrete thresholding
Using discrete L1-thresholding
Component number  1 
Number of iterations:  1 
Component number  2 
Number of iterations:  1 
sNPLS model with 2 components and squared error of 116661.8 
 
Coefficients: 
[1] 67
Your parallel configuration is cluster
Using discrete thresholding
Using discrete L1-thresholding
Component number  1 
Number of iterations:  1 
Component number  2 
Number of iterations:  1 
sNPLS model with 2 components and squared error of 147744.3 
 
Coefficients: 
[1] 68
Your parallel configuration is cluster
Using discrete thresholding
Using discrete L1-thresholding
Component number  1 
Number of iterations:  1 
Component number  2 
Number of iterations:  1 
Component number  3 
Number of iterations:  1 
sNPLS model with 3 components and squared error of 117936.9 
 
Coefficients: 
[1] 69
Your parallel configuration is cluster
Using discrete thresholding
Using discrete L1-thresholding
Component number  1 
Number of iterations:  1 
sNPLS model with 1 components and squared error of 122744.1 
 
Coefficients: 
[1] 70
Your parallel configuration is cluster
Using discrete thresholding
Using discrete L1-thresholding
Component number  1 
Number of iterations:  1 
Component number  2 
Number of iterations:  1 
sNPLS model with 2 components and squared error of 121273.9 
 
Coefficients: 
[1] 71
Your parallel configuration is cluster
Using discrete thresholding
Using discrete L1-thresholding
Component number  1 
Number of iterations:  1 
sNPLS model with 1 components and squared error of 118976.3 
 
Coefficients: 
[1] 72
Your parallel configuration is cluster
Using discrete thresholding
Using discrete L1-thresholding
Component number  1 
Number of iterations:  1 
sNPLS model with 1 components and squared error of 127744.9 
 
Coefficients: 
[1] 73
Your parallel configuration is cluster
Using discrete thresholding
Using discrete L1-thresholding
Component number  1 
Number of iterations:  1 
Component number  2 
Number of iterations:  1 
sNPLS model with 2 components and squared error of 114103.1 
 
Coefficients: 
[1] 74
Your parallel configuration is cluster
Using discrete thresholding
Using discrete L1-thresholding
Component number  1 
Number of iterations:  1 
sNPLS model with 1 components and squared error of 111891.7 
 
Coefficients: 
[1] 75
Your parallel configuration is cluster
Using discrete thresholding
Using discrete L1-thresholding
Component number  1 
Number of iterations:  1 
Component number  2 
Number of iterations:  1 
Component number  3 
Number of iterations:  1 
sNPLS model with 3 components and squared error of 115627 
 
Coefficients: 
[1] 76
Your parallel configuration is cluster
Using discrete thresholding
Using discrete L1-thresholding
Component number  1 
Number of iterations:  1 
sNPLS model with 1 components and squared error of 135492 
 
Coefficients: 
[1] 77
Your parallel configuration is cluster
Using discrete thresholding
Using discrete L1-thresholding
Component number  1 
Number of iterations:  1 
Component number  2 
Number of iterations:  1 
sNPLS model with 2 components and squared error of 144294.1 
 
Coefficients: 
[1] 78
Your parallel configuration is cluster
Using discrete thresholding
Using discrete L1-thresholding
Component number  1 
Number of iterations:  1 
Component number  2 
Number of iterations:  1 
Component number  3 
Number of iterations:  1 
sNPLS model with 3 components and squared error of 128598.2 
 
Coefficients: 
[1] 79
Your parallel configuration is cluster
Using discrete thresholding
Using discrete L1-thresholding
Component number  1 
Number of iterations:  1 
Component number  2 
Number of iterations:  1 
sNPLS model with 2 components and squared error of 125985.4 
 
Coefficients: 
[1] 80
Your parallel configuration is cluster
Using discrete thresholding
Using discrete L1-thresholding
Component number  1 
Number of iterations:  1 
Component number  2 
Number of iterations:  1 
Component number  3 
Number of iterations:  1 
sNPLS model with 3 components and squared error of 100769.3 
 
Coefficients: 
[1] 81
Your parallel configuration is cluster
Using discrete thresholding
Using discrete L1-thresholding
Component number  1 
Number of iterations:  1 
Component number  2 
Number of iterations:  1 
Component number  3 
Number of iterations:  1 
sNPLS model with 3 components and squared error of 144081.8 
 
Coefficients: 
[1] 82
Your parallel configuration is cluster
Using discrete thresholding
Using discrete L1-thresholding
Component number  1 
Number of iterations:  1 
Component number  2 
Number of iterations:  1 
sNPLS model with 2 components and squared error of 110872.4 
 
Coefficients: 
[1] 83
Your parallel configuration is cluster
Using discrete thresholding
Using discrete L1-thresholding
Component number  1 
Number of iterations:  1 
Component number  2 
Number of iterations:  1 
Component number  3 
Number of iterations:  1 
sNPLS model with 3 components and squared error of 130724.6 
 
Coefficients: 
[1] 84
Your parallel configuration is cluster
Using discrete thresholding
Using discrete L1-thresholding
Component number  1 
Number of iterations:  1 
Component number  2 
Number of iterations:  1 
Component number  3 
Number of iterations:  1 
sNPLS model with 3 components and squared error of 122845.9 
 
Coefficients: 
[1] 85
Your parallel configuration is cluster
Using discrete thresholding
Using discrete L1-thresholding
Component number  1 
Number of iterations:  1 
Component number  2 
Number of iterations:  1 
Component number  3 
Number of iterations:  1 
sNPLS model with 3 components and squared error of 134933.1 
 
Coefficients: 
[1] 86
Your parallel configuration is cluster
Using discrete thresholding
Using discrete L1-thresholding
Component number  1 
Number of iterations:  1 
Component number  2 
Number of iterations:  1 
Component number  3 
Number of iterations:  1 
sNPLS model with 3 components and squared error of 99214.4 
 
Coefficients: 
[1] 87
Your parallel configuration is cluster
Using discrete thresholding
Using discrete L1-thresholding
Component number  1 
Number of iterations:  1 
sNPLS model with 1 components and squared error of 134811.2 
 
Coefficients: 
[1] 88
Your parallel configuration is cluster
Using discrete thresholding
Using discrete L1-thresholding
Component number  1 
Number of iterations:  1 
Component number  2 
Number of iterations:  1 
sNPLS model with 2 components and squared error of 130864.5 
 
Coefficients: 
[1] 89
Your parallel configuration is cluster
Using discrete thresholding
Using discrete L1-thresholding
Component number  1 
Number of iterations:  1 
Component number  2 
Number of iterations:  1 
sNPLS model with 2 components and squared error of 150854 
 
Coefficients: 
[1] 90
Your parallel configuration is cluster
Using discrete thresholding
Using discrete L1-thresholding
Component number  1 
Number of iterations:  1 
Component number  2 
Number of iterations:  1 
Component number  3 
Number of iterations:  1 
sNPLS model with 3 components and squared error of 111113 
 
Coefficients: 
[1] 91
Your parallel configuration is cluster
Using discrete thresholding
Using discrete L1-thresholding
Component number  1 
Number of iterations:  1 
Component number  2 
Number of iterations:  1 
Component number  3 
Number of iterations:  1 
sNPLS model with 3 components and squared error of 102771.1 
 
Coefficients: 
[1] 92
Your parallel configuration is cluster
Using discrete thresholding
Using discrete L1-thresholding
Component number  1 
Number of iterations:  1 
Component number  2 
Number of iterations:  1 
Component number  3 
Number of iterations:  1 
sNPLS model with 3 components and squared error of 127348.2 
 
Coefficients: 
[1] 93
Your parallel configuration is cluster
Using discrete thresholding
Using discrete L1-thresholding
Component number  1 
Number of iterations:  1 
sNPLS model with 1 components and squared error of 118780.2 
 
Coefficients: 
[1] 94
Your parallel configuration is cluster
Using discrete thresholding
Using discrete L1-thresholding
Component number  1 
Number of iterations:  1 
Component number  2 
Number of iterations:  1 
sNPLS model with 2 components and squared error of 115036.4 
 
Coefficients: 
[1] 95
Your parallel configuration is cluster
Using discrete thresholding
Using discrete L1-thresholding
Component number  1 
Number of iterations:  1 
Component number  2 
Number of iterations:  1 
sNPLS model with 2 components and squared error of 104803.4 
 
Coefficients: 
[1] 96
Your parallel configuration is cluster
Using discrete thresholding
Using discrete L1-thresholding
Component number  1 
Number of iterations:  1 
Component number  2 
Number of iterations:  1 
Component number  3 
Number of iterations:  1 
sNPLS model with 3 components and squared error of 112485.6 
 
Coefficients: 
[1] 97
Your parallel configuration is cluster
Using discrete thresholding
Using discrete L1-thresholding
Component number  1 
Number of iterations:  1 
Component number  2 
Number of iterations:  1 
Component number  3 
Number of iterations:  1 
sNPLS model with 3 components and squared error of 127932.4 
 
Coefficients: 
[1] 98
Your parallel configuration is cluster
Using discrete thresholding
Using discrete L1-thresholding
Component number  1 
Number of iterations:  1 
sNPLS model with 1 components and squared error of 98545.87 
 
Coefficients: 
[1] 99
Your parallel configuration is cluster
Using discrete thresholding
Using discrete L1-thresholding
Component number  1 
Number of iterations:  1 
Component number  2 
Number of iterations:  1 
sNPLS model with 2 components and squared error of 133540.1 
 
Coefficients: 
[1] 100
Your parallel configuration is cluster
Using discrete thresholding
Using discrete L1-thresholding
Component number  1 
Number of iterations:  1 
Component number  2 
Number of iterations:  1 
Component number  3 
Number of iterations:  1 
sNPLS model with 3 components and squared error of 130285.3 
 
Coefficients: 
