         used (Mb) gc trigger (Mb) max used (Mb)
Ncells 270502 14.5     654365   35   446674 23.9
Vcells 452653  3.5    8388608   64  1771599 13.6
[1] "Step 1 - Required R libraries successfully loaded"
[1] "/PROJECTES/ATHLETE/analyses/22_longi_meths_benchmark_AA/Simulation/COMPLETED_EXPERIMENT/MAIN_ANALYSIS"
here() starts at /PROJECTES/ATHLETE/analyses/22_longi_meths_benchmark_AA/Simulation/COMPLETED_EXPERIMENT/MAIN_ANALYSIS
[1] "/PROJECTES/ATHLETE/analyses/22_longi_meths_benchmark_AA/Simulation/COMPLETED_EXPERIMENT/MAIN_ANALYSIS"
------------------------------------------------------------------------------
You have loaded plyr after dplyr - this is likely to cause problems.
If you need functions from both plyr and dplyr, please load plyr first, then dplyr:
library(plyr); library(dplyr)
------------------------------------------------------------------------------

Attaching package: ‘plyr’

The following objects are masked from ‘package:dplyr’:

    arrange, count, desc, failwith, id, mutate, rename, summarise,
    summarize

The following object is masked from ‘package:purrr’:

    compact

[1] "Step 2 - Loaded simulated predictor and outcome datasets"
[1] 72
socket cluster with 24 nodes on host ‘localhost’
[1] TRUE
[1] 24
[1] "Step 3 - Set up for parallelization completed"
[1] 1
Your parallel configuration is cluster
Using discrete thresholding
Using discrete L1-thresholding
Component number  1 
Number of iterations:  1 
Component number  2 
Number of iterations:  1 
sNPLS model with 2 components and squared error of 3944293 
 
Coefficients: 
[1] 2
Your parallel configuration is cluster
Using discrete thresholding
Using discrete L1-thresholding
Component number  1 
Number of iterations:  1 
Component number  2 
Number of iterations:  1 
Component number  3 
Number of iterations:  1 
sNPLS model with 3 components and squared error of 4081413 
 
Coefficients: 
[1] 3
Your parallel configuration is cluster
Using discrete thresholding
Using discrete L1-thresholding
Component number  1 
Number of iterations:  1 
Component number  2 
Number of iterations:  1 
sNPLS model with 2 components and squared error of 5065527 
 
Coefficients: 
[1] 4
Your parallel configuration is cluster
Using discrete thresholding
Using discrete L1-thresholding
Component number  1 
Number of iterations:  1 
Component number  2 
Number of iterations:  1 
Component number  3 
Number of iterations:  1 
sNPLS model with 3 components and squared error of 4830001 
 
Coefficients: 
[1] 5
Your parallel configuration is cluster
Using discrete thresholding
Using discrete L1-thresholding
Component number  1 
Number of iterations:  1 
Component number  2 
Number of iterations:  1 
sNPLS model with 2 components and squared error of 4586245 
 
Coefficients: 
[1] 6
Your parallel configuration is cluster
Using discrete thresholding
Using discrete L1-thresholding
Component number  1 
Number of iterations:  1 
Component number  2 
Number of iterations:  1 
sNPLS model with 2 components and squared error of 4196335 
 
Coefficients: 
[1] 7
Your parallel configuration is cluster
Using discrete thresholding
Using discrete L1-thresholding
Component number  1 
Number of iterations:  1 
Component number  2 
Number of iterations:  1 
Component number  3 
Number of iterations:  1 
sNPLS model with 3 components and squared error of 3827085 
 
Coefficients: 
[1] 8
Your parallel configuration is cluster
Using discrete thresholding
Using discrete L1-thresholding
Component number  1 
Number of iterations:  1 
Component number  2 
Number of iterations:  1 
Component number  3 
Number of iterations:  1 
sNPLS model with 3 components and squared error of 5151767 
 
Coefficients: 
[1] 9
Your parallel configuration is cluster
Using discrete thresholding
Using discrete L1-thresholding
Component number  1 
Number of iterations:  1 
Component number  2 
Number of iterations:  1 
sNPLS model with 2 components and squared error of 5086696 
 
Coefficients: 
[1] 10
Your parallel configuration is cluster
Using discrete thresholding
Using discrete L1-thresholding
Component number  1 
Number of iterations:  1 
Component number  2 
Number of iterations:  1 
sNPLS model with 2 components and squared error of 3290219 
 
Coefficients: 
[1] 11
Your parallel configuration is cluster
Using discrete thresholding
Using discrete L1-thresholding
Component number  1 
Number of iterations:  1 
Component number  2 
Number of iterations:  1 
sNPLS model with 2 components and squared error of 3806235 
 
Coefficients: 
[1] 12
Your parallel configuration is cluster
Using discrete thresholding
Using discrete L1-thresholding
Component number  1 
Number of iterations:  1 
Component number  2 
Number of iterations:  1 
sNPLS model with 2 components and squared error of 4953486 
 
Coefficients: 
[1] 13
Your parallel configuration is cluster
Using discrete thresholding
Using discrete L1-thresholding
Component number  1 
Number of iterations:  1 
Component number  2 
Number of iterations:  1 
sNPLS model with 2 components and squared error of 5617324 
 
Coefficients: 
[1] 14
Your parallel configuration is cluster
Using discrete thresholding
Using discrete L1-thresholding
Component number  1 
Number of iterations:  1 
Component number  2 
Number of iterations:  1 
sNPLS model with 2 components and squared error of 4583098 
 
Coefficients: 
[1] 15
Your parallel configuration is cluster
Using discrete thresholding
Using discrete L1-thresholding
Component number  1 
Number of iterations:  1 
Component number  2 
Number of iterations:  1 
sNPLS model with 2 components and squared error of 3968347 
 
Coefficients: 
[1] 16
Your parallel configuration is cluster
Using discrete thresholding
Using discrete L1-thresholding
Component number  1 
Number of iterations:  1 
Component number  2 
Number of iterations:  1 
sNPLS model with 2 components and squared error of 4270545 
 
Coefficients: 
[1] 17
Your parallel configuration is cluster
Using discrete thresholding
Using discrete L1-thresholding
Component number  1 
Number of iterations:  1 
Component number  2 
Number of iterations:  1 
Component number  3 
Number of iterations:  1 
sNPLS model with 3 components and squared error of 3385505 
 
Coefficients: 
[1] 18
Your parallel configuration is cluster
Using discrete thresholding
Using discrete L1-thresholding
Component number  1 
Number of iterations:  1 
Component number  2 
Number of iterations:  1 
sNPLS model with 2 components and squared error of 3559188 
 
Coefficients: 
[1] 19
Your parallel configuration is cluster
Using discrete thresholding
Using discrete L1-thresholding
Component number  1 
Number of iterations:  1 
Component number  2 
Number of iterations:  1 
Component number  3 
Number of iterations:  1 
sNPLS model with 3 components and squared error of 3674763 
 
Coefficients: 
[1] 20
Your parallel configuration is cluster
Using discrete thresholding
Using discrete L1-thresholding
Component number  1 
Number of iterations:  1 
Component number  2 
Number of iterations:  1 
Component number  3 
Number of iterations:  1 
sNPLS model with 3 components and squared error of 4641785 
 
Coefficients: 
[1] 21
Your parallel configuration is cluster
Using discrete thresholding
Using discrete L1-thresholding
Component number  1 
Number of iterations:  1 
Component number  2 
Number of iterations:  1 
sNPLS model with 2 components and squared error of 6029043 
 
Coefficients: 
[1] 22
Your parallel configuration is cluster
Using discrete thresholding
Using discrete L1-thresholding
Component number  1 
Number of iterations:  1 
Component number  2 
Number of iterations:  1 
sNPLS model with 2 components and squared error of 4526788 
 
Coefficients: 
[1] 23
Your parallel configuration is cluster
Using discrete thresholding
Using discrete L1-thresholding
Component number  1 
Number of iterations:  1 
Component number  2 
Number of iterations:  1 
sNPLS model with 2 components and squared error of 5259314 
 
Coefficients: 
[1] 24
Your parallel configuration is cluster
Using discrete thresholding
Using discrete L1-thresholding
Component number  1 
Number of iterations:  1 
Component number  2 
Number of iterations:  1 
sNPLS model with 2 components and squared error of 4207508 
 
Coefficients: 
[1] 25
Your parallel configuration is cluster
Using discrete thresholding
Using discrete L1-thresholding
Component number  1 
Number of iterations:  1 
Component number  2 
Number of iterations:  1 
Component number  3 
Number of iterations:  1 
sNPLS model with 3 components and squared error of 4479481 
 
Coefficients: 
[1] 26
Your parallel configuration is cluster
Using discrete thresholding
Using discrete L1-thresholding
Component number  1 
Number of iterations:  1 
Component number  2 
Number of iterations:  1 
Component number  3 
Number of iterations:  1 
sNPLS model with 3 components and squared error of 4982734 
 
Coefficients: 
[1] 27
Your parallel configuration is cluster
Using discrete thresholding
Using discrete L1-thresholding
Component number  1 
Number of iterations:  1 
Component number  2 
Number of iterations:  1 
sNPLS model with 2 components and squared error of 3138765 
 
Coefficients: 
[1] 28
Your parallel configuration is cluster
Using discrete thresholding
Using discrete L1-thresholding
Component number  1 
Number of iterations:  1 
Component number  2 
Number of iterations:  1 
Component number  3 
Number of iterations:  1 
sNPLS model with 3 components and squared error of 4033345 
 
Coefficients: 
[1] 29
Your parallel configuration is cluster
Using discrete thresholding
Using discrete L1-thresholding
Component number  1 
Number of iterations:  1 
Component number  2 
Number of iterations:  1 
Component number  3 
Number of iterations:  1 
sNPLS model with 3 components and squared error of 11988870 
 
Coefficients: 
[1] 30
Your parallel configuration is cluster
Using discrete thresholding
Using discrete L1-thresholding
Component number  1 
Number of iterations:  1 
Component number  2 
Number of iterations:  1 
Component number  3 
Number of iterations:  1 
sNPLS model with 3 components and squared error of 4296875 
 
Coefficients: 
[1] 31
Your parallel configuration is cluster
Using discrete thresholding
Using discrete L1-thresholding
Component number  1 
Number of iterations:  1 
Component number  2 
Number of iterations:  1 
sNPLS model with 2 components and squared error of 3240310 
 
Coefficients: 
[1] 32
Your parallel configuration is cluster
Using discrete thresholding
Using discrete L1-thresholding
Component number  1 
Number of iterations:  1 
Component number  2 
Number of iterations:  1 
Component number  3 
Number of iterations:  1 
sNPLS model with 3 components and squared error of 4419656 
 
Coefficients: 
[1] 33
Your parallel configuration is cluster
Using discrete thresholding
Using discrete L1-thresholding
Component number  1 
Number of iterations:  1 
Component number  2 
Number of iterations:  1 
sNPLS model with 2 components and squared error of 5654933 
 
Coefficients: 
[1] 34
Your parallel configuration is cluster
Using discrete thresholding
Using discrete L1-thresholding
Component number  1 
Number of iterations:  1 
Component number  2 
Number of iterations:  1 
sNPLS model with 2 components and squared error of 5121756 
 
Coefficients: 
[1] 35
Your parallel configuration is cluster
Using discrete thresholding
Using discrete L1-thresholding
Component number  1 
Number of iterations:  1 
Component number  2 
Number of iterations:  1 
sNPLS model with 2 components and squared error of 3513675 
 
Coefficients: 
[1] 36
Your parallel configuration is cluster
Using discrete thresholding
Using discrete L1-thresholding
Component number  1 
Number of iterations:  1 
Component number  2 
Number of iterations:  1 
Component number  3 
Number of iterations:  1 
sNPLS model with 3 components and squared error of 6549506 
 
Coefficients: 
[1] 37
Your parallel configuration is cluster
Using discrete thresholding
Using discrete L1-thresholding
Component number  1 
Number of iterations:  1 
Component number  2 
Number of iterations:  1 
sNPLS model with 2 components and squared error of 5153467 
 
Coefficients: 
[1] 38
Your parallel configuration is cluster
Using discrete thresholding
Using discrete L1-thresholding
Component number  1 
Number of iterations:  1 
Component number  2 
Number of iterations:  1 
sNPLS model with 2 components and squared error of 3502785 
 
Coefficients: 
[1] 39
Your parallel configuration is cluster
Using discrete thresholding
Using discrete L1-thresholding
Component number  1 
Number of iterations:  1 
Component number  2 
Number of iterations:  1 
Component number  3 
Number of iterations:  1 
sNPLS model with 3 components and squared error of 3486977 
 
Coefficients: 
[1] 40
Your parallel configuration is cluster
Using discrete thresholding
Using discrete L1-thresholding
Component number  1 
Number of iterations:  1 
Component number  2 
Number of iterations:  1 
Component number  3 
Number of iterations:  1 
sNPLS model with 3 components and squared error of 3429700 
 
Coefficients: 
[1] 41
Your parallel configuration is cluster
Using discrete thresholding
Using discrete L1-thresholding
Component number  1 
Number of iterations:  1 
Component number  2 
Number of iterations:  1 
sNPLS model with 2 components and squared error of 3916524 
 
Coefficients: 
[1] 42
Your parallel configuration is cluster
Using discrete thresholding
Using discrete L1-thresholding
Component number  1 
Number of iterations:  1 
Component number  2 
Number of iterations:  1 
sNPLS model with 2 components and squared error of 3715185 
 
Coefficients: 
[1] 43
Your parallel configuration is cluster
Using discrete thresholding
Using discrete L1-thresholding
Component number  1 
Number of iterations:  1 
Component number  2 
Number of iterations:  1 
Component number  3 
Number of iterations:  1 
sNPLS model with 3 components and squared error of 3496426 
 
Coefficients: 
[1] 44
Your parallel configuration is cluster
Using discrete thresholding
Using discrete L1-thresholding
Component number  1 
Number of iterations:  1 
Component number  2 
Number of iterations:  1 
sNPLS model with 2 components and squared error of 4646402 
 
Coefficients: 
[1] 45
Your parallel configuration is cluster
Using discrete thresholding
Using discrete L1-thresholding
Component number  1 
Number of iterations:  1 
Component number  2 
Number of iterations:  1 
sNPLS model with 2 components and squared error of 4443577 
 
Coefficients: 
[1] 46
Your parallel configuration is cluster
Using discrete thresholding
Using discrete L1-thresholding
Component number  1 
Number of iterations:  1 
Component number  2 
Number of iterations:  1 
Component number  3 
Number of iterations:  1 
sNPLS model with 3 components and squared error of 4102339 
 
Coefficients: 
[1] 47
Your parallel configuration is cluster
Using discrete thresholding
Using discrete L1-thresholding
Component number  1 
Number of iterations:  1 
Component number  2 
Number of iterations:  1 
sNPLS model with 2 components and squared error of 5395337 
 
Coefficients: 
[1] 48
Your parallel configuration is cluster
Using discrete thresholding
Using discrete L1-thresholding
Component number  1 
Number of iterations:  1 
Component number  2 
Number of iterations:  1 
sNPLS model with 2 components and squared error of 4375116 
 
Coefficients: 
[1] 49
Your parallel configuration is cluster
Using discrete thresholding
Using discrete L1-thresholding
Component number  1 
Number of iterations:  1 
Component number  2 
Number of iterations:  1 
sNPLS model with 2 components and squared error of 4368659 
 
Coefficients: 
[1] 50
Your parallel configuration is cluster
Using discrete thresholding
Using discrete L1-thresholding
Component number  1 
Number of iterations:  1 
Component number  2 
Number of iterations:  1 
sNPLS model with 2 components and squared error of 3425834 
 
Coefficients: 
[1] 51
Your parallel configuration is cluster
Using discrete thresholding
Using discrete L1-thresholding
Component number  1 
Number of iterations:  1 
Component number  2 
Number of iterations:  1 
Component number  3 
Number of iterations:  1 
sNPLS model with 3 components and squared error of 4486519 
 
Coefficients: 
[1] 52
Your parallel configuration is cluster
Using discrete thresholding
Using discrete L1-thresholding
Component number  1 
Number of iterations:  1 
sNPLS model with 1 components and squared error of 4670013 
 
Coefficients: 
[1] 53
Your parallel configuration is cluster
Using discrete thresholding
Using discrete L1-thresholding
Component number  1 
Number of iterations:  1 
Component number  2 
Number of iterations:  1 
sNPLS model with 2 components and squared error of 2941857 
 
Coefficients: 
[1] 54
Your parallel configuration is cluster
Using discrete thresholding
Using discrete L1-thresholding
Component number  1 
Number of iterations:  1 
Component number  2 
Number of iterations:  1 
Component number  3 
Number of iterations:  1 
sNPLS model with 3 components and squared error of 4825221 
 
Coefficients: 
[1] 55
Your parallel configuration is cluster
Using discrete thresholding
Using discrete L1-thresholding
Component number  1 
Number of iterations:  1 
Component number  2 
Number of iterations:  1 
sNPLS model with 2 components and squared error of 4075622 
 
Coefficients: 
[1] 56
Your parallel configuration is cluster
Using discrete thresholding
Using discrete L1-thresholding
Component number  1 
Number of iterations:  1 
Component number  2 
Number of iterations:  1 
sNPLS model with 2 components and squared error of 3650361 
 
Coefficients: 
[1] 57
Your parallel configuration is cluster
Using discrete thresholding
Using discrete L1-thresholding
Component number  1 
Number of iterations:  1 
Component number  2 
Number of iterations:  1 
Component number  3 
Number of iterations:  1 
sNPLS model with 3 components and squared error of 3446469 
 
Coefficients: 
[1] 58
Your parallel configuration is cluster
Using discrete thresholding
Using discrete L1-thresholding
Component number  1 
Number of iterations:  1 
sNPLS model with 1 components and squared error of 5688270 
 
Coefficients: 
[1] 59
Your parallel configuration is cluster
Using discrete thresholding
Using discrete L1-thresholding
Component number  1 
Number of iterations:  1 
Component number  2 
Number of iterations:  1 
sNPLS model with 2 components and squared error of 4215240 
 
Coefficients: 
[1] 60
Your parallel configuration is cluster
Using discrete thresholding
Using discrete L1-thresholding
Component number  1 
Number of iterations:  1 
Component number  2 
Number of iterations:  1 
sNPLS model with 2 components and squared error of 3934037 
 
Coefficients: 
[1] 61
Your parallel configuration is cluster
Using discrete thresholding
Using discrete L1-thresholding
Component number  1 
Number of iterations:  1 
Component number  2 
Number of iterations:  1 
Component number  3 
Number of iterations:  1 
sNPLS model with 3 components and squared error of 6398622 
 
Coefficients: 
[1] 62
Your parallel configuration is cluster
Using discrete thresholding
Using discrete L1-thresholding
Component number  1 
Number of iterations:  1 
Component number  2 
Number of iterations:  1 
sNPLS model with 2 components and squared error of 4698000 
 
Coefficients: 
[1] 63
Your parallel configuration is cluster
Using discrete thresholding
Using discrete L1-thresholding
Component number  1 
Number of iterations:  1 
Component number  2 
Number of iterations:  1 
sNPLS model with 2 components and squared error of 4496421 
 
Coefficients: 
[1] 64
Your parallel configuration is cluster
Using discrete thresholding
Using discrete L1-thresholding
Component number  1 
Number of iterations:  1 
Component number  2 
Number of iterations:  1 
sNPLS model with 2 components and squared error of 4154650 
 
Coefficients: 
[1] 65
Your parallel configuration is cluster
Using discrete thresholding
Using discrete L1-thresholding
Component number  1 
Number of iterations:  1 
Component number  2 
Number of iterations:  1 
Component number  3 
Number of iterations:  1 
sNPLS model with 3 components and squared error of 4561424 
 
Coefficients: 
[1] 66
Your parallel configuration is cluster
Using discrete thresholding
Using discrete L1-thresholding
Component number  1 
Number of iterations:  1 
Component number  2 
Number of iterations:  1 
Component number  3 
Number of iterations:  1 
sNPLS model with 3 components and squared error of 5090257 
 
Coefficients: 
[1] 67
Your parallel configuration is cluster
Using discrete thresholding
Using discrete L1-thresholding
Component number  1 
Number of iterations:  1 
Component number  2 
Number of iterations:  1 
sNPLS model with 2 components and squared error of 4310780 
 
Coefficients: 
[1] 68
Your parallel configuration is cluster
Using discrete thresholding
Using discrete L1-thresholding
Component number  1 
Number of iterations:  1 
Component number  2 
Number of iterations:  1 
sNPLS model with 2 components and squared error of 4400306 
 
Coefficients: 
[1] 69
Your parallel configuration is cluster
Using discrete thresholding
Using discrete L1-thresholding
Component number  1 
Number of iterations:  1 
Component number  2 
Number of iterations:  1 
Component number  3 
Number of iterations:  1 
sNPLS model with 3 components and squared error of 5115061 
 
Coefficients: 
[1] 70
Your parallel configuration is cluster
Using discrete thresholding
Using discrete L1-thresholding
Component number  1 
Number of iterations:  1 
Component number  2 
Number of iterations:  1 
sNPLS model with 2 components and squared error of 4156840 
 
Coefficients: 
[1] 71
Your parallel configuration is cluster
Using discrete thresholding
Using discrete L1-thresholding
Component number  1 
Number of iterations:  1 
Component number  2 
Number of iterations:  1 
Component number  3 
Number of iterations:  1 
sNPLS model with 3 components and squared error of 5034287 
 
Coefficients: 
[1] 72
Your parallel configuration is cluster
Using discrete thresholding
Using discrete L1-thresholding
Component number  1 
Number of iterations:  1 
Component number  2 
Number of iterations:  1 
Component number  3 
Number of iterations:  1 
sNPLS model with 3 components and squared error of 3610341 
 
Coefficients: 
[1] 73
Your parallel configuration is cluster
Using discrete thresholding
Using discrete L1-thresholding
Component number  1 
Number of iterations:  1 
Component number  2 
Number of iterations:  1 
sNPLS model with 2 components and squared error of 4205654 
 
Coefficients: 
[1] 74
Your parallel configuration is cluster
Using discrete thresholding
Using discrete L1-thresholding
Component number  1 
Number of iterations:  1 
Component number  2 
Number of iterations:  1 
sNPLS model with 2 components and squared error of 4151824 
 
Coefficients: 
[1] 75
Your parallel configuration is cluster
Using discrete thresholding
Using discrete L1-thresholding
Component number  1 
Number of iterations:  1 
sNPLS model with 1 components and squared error of 3875348 
 
Coefficients: 
[1] 76
Your parallel configuration is cluster
Using discrete thresholding
Using discrete L1-thresholding
Component number  1 
Number of iterations:  1 
Component number  2 
Number of iterations:  1 
sNPLS model with 2 components and squared error of 5532298 
 
Coefficients: 
[1] 77
Your parallel configuration is cluster
Using discrete thresholding
Using discrete L1-thresholding
Component number  1 
Number of iterations:  1 
Component number  2 
Number of iterations:  1 
sNPLS model with 2 components and squared error of 5697693 
 
Coefficients: 
[1] 78
Your parallel configuration is cluster
Using discrete thresholding
Using discrete L1-thresholding
Component number  1 
Number of iterations:  1 
Component number  2 
Number of iterations:  1 
Component number  3 
Number of iterations:  1 
sNPLS model with 3 components and squared error of 4640857 
 
Coefficients: 
[1] 79
Your parallel configuration is cluster
Using discrete thresholding
Using discrete L1-thresholding
Component number  1 
Number of iterations:  1 
Component number  2 
Number of iterations:  1 
sNPLS model with 2 components and squared error of 3549184 
 
Coefficients: 
[1] 80
Your parallel configuration is cluster
Using discrete thresholding
Using discrete L1-thresholding
Component number  1 
Number of iterations:  1 
Component number  2 
Number of iterations:  1 
sNPLS model with 2 components and squared error of 4122819 
 
Coefficients: 
[1] 81
Your parallel configuration is cluster
Using discrete thresholding
Using discrete L1-thresholding
Component number  1 
Number of iterations:  1 
Component number  2 
Number of iterations:  1 
sNPLS model with 2 components and squared error of 4443848 
 
Coefficients: 
[1] 82
Your parallel configuration is cluster
Using discrete thresholding
Using discrete L1-thresholding
Component number  1 
Number of iterations:  1 
Component number  2 
Number of iterations:  1 
sNPLS model with 2 components and squared error of 4218971 
 
Coefficients: 
[1] 83
Your parallel configuration is cluster
Using discrete thresholding
Using discrete L1-thresholding
Component number  1 
Number of iterations:  1 
Component number  2 
Number of iterations:  1 
sNPLS model with 2 components and squared error of 4396474 
 
Coefficients: 
[1] 84
Your parallel configuration is cluster
Using discrete thresholding
Using discrete L1-thresholding
Component number  1 
Number of iterations:  1 
Component number  2 
Number of iterations:  1 
sNPLS model with 2 components and squared error of 5457412 
 
Coefficients: 
[1] 85
Your parallel configuration is cluster
Using discrete thresholding
Using discrete L1-thresholding
Component number  1 
Number of iterations:  1 
Component number  2 
Number of iterations:  1 
Component number  3 
Number of iterations:  1 
sNPLS model with 3 components and squared error of 3766209 
 
Coefficients: 
[1] 86
Your parallel configuration is cluster
Using discrete thresholding
Using discrete L1-thresholding
Component number  1 
Number of iterations:  1 
Component number  2 
Number of iterations:  1 
Component number  3 
Number of iterations:  1 
sNPLS model with 3 components and squared error of 2916174 
 
Coefficients: 
[1] 87
Your parallel configuration is cluster
Using discrete thresholding
Using discrete L1-thresholding
Component number  1 
Number of iterations:  1 
Component number  2 
Number of iterations:  1 
Component number  3 
Number of iterations:  1 
sNPLS model with 3 components and squared error of 4089962 
 
Coefficients: 
[1] 88
Your parallel configuration is cluster
Using discrete thresholding
Using discrete L1-thresholding
Component number  1 
Number of iterations:  1 
Component number  2 
Number of iterations:  1 
sNPLS model with 2 components and squared error of 4936724 
 
Coefficients: 
[1] 89
Your parallel configuration is cluster
Using discrete thresholding
Using discrete L1-thresholding
Component number  1 
Number of iterations:  1 
Component number  2 
Number of iterations:  1 
Component number  3 
Number of iterations:  1 
sNPLS model with 3 components and squared error of 4889641 
 
Coefficients: 
[1] 90
Your parallel configuration is cluster
Using discrete thresholding
Using discrete L1-thresholding
Component number  1 
Number of iterations:  1 
Component number  2 
Number of iterations:  1 
Component number  3 
Number of iterations:  1 
sNPLS model with 3 components and squared error of 3034106 
 
Coefficients: 
[1] 91
Your parallel configuration is cluster
Using discrete thresholding
Using discrete L1-thresholding
Component number  1 
Number of iterations:  1 
Component number  2 
Number of iterations:  1 
sNPLS model with 2 components and squared error of 4874566 
 
Coefficients: 
[1] 92
Your parallel configuration is cluster
Using discrete thresholding
Using discrete L1-thresholding
Component number  1 
Number of iterations:  1 
sNPLS model with 1 components and squared error of 4698312 
 
Coefficients: 
[1] 93
Your parallel configuration is cluster
Using discrete thresholding
Using discrete L1-thresholding
Component number  1 
Number of iterations:  1 
Component number  2 
Number of iterations:  1 
Component number  3 
Number of iterations:  1 
sNPLS model with 3 components and squared error of 5642837 
 
Coefficients: 
[1] 94
Your parallel configuration is cluster
Using discrete thresholding
Using discrete L1-thresholding
Component number  1 
Number of iterations:  1 
Component number  2 
Number of iterations:  1 
sNPLS model with 2 components and squared error of 2955435 
 
Coefficients: 
[1] 95
Your parallel configuration is cluster
Using discrete thresholding
Using discrete L1-thresholding
Component number  1 
Number of iterations:  1 
Component number  2 
Number of iterations:  1 
sNPLS model with 2 components and squared error of 4874109 
 
Coefficients: 
[1] 96
Your parallel configuration is cluster
Using discrete thresholding
Using discrete L1-thresholding
Component number  1 
Number of iterations:  1 
Component number  2 
Number of iterations:  1 
sNPLS model with 2 components and squared error of 4301404 
 
Coefficients: 
[1] 97
Your parallel configuration is cluster
Using discrete thresholding
Using discrete L1-thresholding
Component number  1 
Number of iterations:  1 
Component number  2 
Number of iterations:  1 
Component number  3 
Number of iterations:  1 
sNPLS model with 3 components and squared error of 4475485 
 
Coefficients: 
[1] 98
Your parallel configuration is cluster
Using discrete thresholding
Using discrete L1-thresholding
Component number  1 
Number of iterations:  1 
Component number  2 
Number of iterations:  1 
sNPLS model with 2 components and squared error of 3057592 
 
Coefficients: 
[1] 99
Your parallel configuration is cluster
Using discrete thresholding
Using discrete L1-thresholding
Component number  1 
Number of iterations:  1 
Component number  2 
Number of iterations:  1 
sNPLS model with 2 components and squared error of 4307192 
 
Coefficients: 
[1] 100
Your parallel configuration is cluster
Using discrete thresholding
Using discrete L1-thresholding
Component number  1 
Number of iterations:  1 
Component number  2 
Number of iterations:  1 
Component number  3 
Number of iterations:  1 
sNPLS model with 3 components and squared error of 4377806 
 
Coefficients: 
