         used (Mb) gc trigger (Mb) max used (Mb)
Ncells 270502 14.5     654365   35   446674 23.9
Vcells 452653  3.5    8388608   64  1771599 13.6
[1] "Step 1 - Required R libraries successfully loaded"
[1] "/PROJECTES/ATHLETE/analyses/22_longi_meths_benchmark_AA/Simulation/COMPLETED_EXPERIMENT/MAIN_ANALYSIS"
here() starts at /PROJECTES/ATHLETE/analyses/22_longi_meths_benchmark_AA/Simulation/COMPLETED_EXPERIMENT/MAIN_ANALYSIS
[1] "/PROJECTES/ATHLETE/analyses/22_longi_meths_benchmark_AA/Simulation/COMPLETED_EXPERIMENT/MAIN_ANALYSIS"
------------------------------------------------------------------------------
You have loaded plyr after dplyr - this is likely to cause problems.
If you need functions from both plyr and dplyr, please load plyr first, then dplyr:
library(plyr); library(dplyr)
------------------------------------------------------------------------------

Attaching package: ‘plyr’

The following objects are masked from ‘package:dplyr’:

    arrange, count, desc, failwith, id, mutate, rename, summarise,
    summarize

The following object is masked from ‘package:purrr’:

    compact

[1] "Step 2 - Loaded simulated predictor and outcome datasets"
[1] 72
socket cluster with 24 nodes on host ‘localhost’
[1] TRUE
[1] 24
[1] "Step 3 - Set up for parallelization completed"
[1] 1
Your parallel configuration is cluster
Using discrete thresholding
Using discrete L1-thresholding
Component number  1 
Number of iterations:  1 
sNPLS model with 1 components and squared error of 338883.8 
 
Coefficients: 
[1] 2
Your parallel configuration is cluster
Using discrete thresholding
Using discrete L1-thresholding
Component number  1 
Number of iterations:  1 
Component number  2 
Number of iterations:  1 
sNPLS model with 2 components and squared error of 259469.8 
 
Coefficients: 
[1] 3
Your parallel configuration is cluster
Using discrete thresholding
Using discrete L1-thresholding
Component number  1 
Number of iterations:  1 
sNPLS model with 1 components and squared error of 289421.1 
 
Coefficients: 
[1] 4
Your parallel configuration is cluster
Using discrete thresholding
Using discrete L1-thresholding
Component number  1 
Number of iterations:  1 
Component number  2 
Number of iterations:  1 
Component number  3 
Number of iterations:  1 
sNPLS model with 3 components and squared error of 315644.4 
 
Coefficients: 
[1] 5
Your parallel configuration is cluster
Using discrete thresholding
Using discrete L1-thresholding
Component number  1 
Number of iterations:  1 
Component number  2 
Number of iterations:  1 
sNPLS model with 2 components and squared error of 252721.8 
 
Coefficients: 
[1] 6
Your parallel configuration is cluster
Using discrete thresholding
Using discrete L1-thresholding
Component number  1 
Number of iterations:  1 
sNPLS model with 1 components and squared error of 259927.1 
 
Coefficients: 
[1] 7
Your parallel configuration is cluster
Using discrete thresholding
Using discrete L1-thresholding
Component number  1 
Number of iterations:  1 
Component number  2 
Number of iterations:  1 
Component number  3 
Number of iterations:  1 
sNPLS model with 3 components and squared error of 276644.6 
 
Coefficients: 
[1] 8
Your parallel configuration is cluster
Using discrete thresholding
Using discrete L1-thresholding
Component number  1 
Number of iterations:  1 
Component number  2 
Number of iterations:  1 
Component number  3 
Number of iterations:  1 
sNPLS model with 3 components and squared error of 307019.4 
 
Coefficients: 
[1] 9
Your parallel configuration is cluster
Using discrete thresholding
Using discrete L1-thresholding
Component number  1 
Number of iterations:  1 
sNPLS model with 1 components and squared error of 250975.6 
 
Coefficients: 
[1] 10
Your parallel configuration is cluster
Using discrete thresholding
Using discrete L1-thresholding
Component number  1 
Number of iterations:  1 
Component number  2 
Number of iterations:  1 
sNPLS model with 2 components and squared error of 323075.5 
 
Coefficients: 
[1] 11
Your parallel configuration is cluster
Using discrete thresholding
Using discrete L1-thresholding
Component number  1 
Number of iterations:  1 
Component number  2 
Number of iterations:  1 
sNPLS model with 2 components and squared error of 262129.9 
 
Coefficients: 
[1] 12
Your parallel configuration is cluster
Using discrete thresholding
Using discrete L1-thresholding
Component number  1 
Number of iterations:  1 
sNPLS model with 1 components and squared error of 282170.4 
 
Coefficients: 
[1] 13
Your parallel configuration is cluster
Using discrete thresholding
Using discrete L1-thresholding
Component number  1 
Number of iterations:  1 
Component number  2 
Number of iterations:  1 
sNPLS model with 2 components and squared error of 239092.7 
 
Coefficients: 
[1] 14
Your parallel configuration is cluster
Using discrete thresholding
Using discrete L1-thresholding
Component number  1 
Number of iterations:  1 
Component number  2 
Number of iterations:  1 
Component number  3 
Number of iterations:  1 
sNPLS model with 3 components and squared error of 256988.6 
 
Coefficients: 
[1] 15
Your parallel configuration is cluster
Using discrete thresholding
Using discrete L1-thresholding
Component number  1 
Number of iterations:  1 
Component number  2 
Number of iterations:  1 
Component number  3 
Number of iterations:  1 
sNPLS model with 3 components and squared error of 275324.7 
 
Coefficients: 
[1] 16
Your parallel configuration is cluster
Using discrete thresholding
Using discrete L1-thresholding
Component number  1 
Number of iterations:  1 
Component number  2 
Number of iterations:  1 
Component number  3 
Number of iterations:  1 
sNPLS model with 3 components and squared error of 282410.2 
 
Coefficients: 
[1] 17
Your parallel configuration is cluster
Using discrete thresholding
Using discrete L1-thresholding
Component number  1 
Number of iterations:  1 
Component number  2 
Number of iterations:  1 
sNPLS model with 2 components and squared error of 309917.5 
 
Coefficients: 
[1] 18
Your parallel configuration is cluster
Using discrete thresholding
Using discrete L1-thresholding
Component number  1 
Number of iterations:  1 
Component number  2 
Number of iterations:  1 
Component number  3 
Number of iterations:  1 
sNPLS model with 3 components and squared error of 348936.9 
 
Coefficients: 
[1] 19
Your parallel configuration is cluster
Using discrete thresholding
Using discrete L1-thresholding
Component number  1 
Number of iterations:  1 
Component number  2 
Number of iterations:  1 
Component number  3 
Number of iterations:  1 
sNPLS model with 3 components and squared error of 216795.1 
 
Coefficients: 
[1] 20
Your parallel configuration is cluster
Using discrete thresholding
Using discrete L1-thresholding
Component number  1 
Number of iterations:  1 
Component number  2 
Number of iterations:  1 
Component number  3 
Number of iterations:  1 
sNPLS model with 3 components and squared error of 242041.3 
 
Coefficients: 
[1] 21
Your parallel configuration is cluster
Using discrete thresholding
Using discrete L1-thresholding
Component number  1 
Number of iterations:  1 
Component number  2 
Number of iterations:  1 
sNPLS model with 2 components and squared error of 237651.5 
 
Coefficients: 
[1] 22
Your parallel configuration is cluster
Using discrete thresholding
Using discrete L1-thresholding
Component number  1 
Number of iterations:  1 
Component number  2 
Number of iterations:  1 
sNPLS model with 2 components and squared error of 347754 
 
Coefficients: 
[1] 23
Your parallel configuration is cluster
Using discrete thresholding
Using discrete L1-thresholding
Component number  1 
Number of iterations:  1 
sNPLS model with 1 components and squared error of 334805.7 
 
Coefficients: 
[1] 24
Your parallel configuration is cluster
Using discrete thresholding
Using discrete L1-thresholding
Component number  1 
Number of iterations:  1 
Component number  2 
Number of iterations:  1 
sNPLS model with 2 components and squared error of 269594.3 
 
Coefficients: 
[1] 25
Your parallel configuration is cluster
Using discrete thresholding
Using discrete L1-thresholding
Component number  1 
Number of iterations:  1 
Component number  2 
Number of iterations:  1 
sNPLS model with 2 components and squared error of 253420.2 
 
Coefficients: 
[1] 26
Your parallel configuration is cluster
Using discrete thresholding
Using discrete L1-thresholding
Component number  1 
Number of iterations:  1 
sNPLS model with 1 components and squared error of 270819.6 
 
Coefficients: 
[1] 27
Your parallel configuration is cluster
Using discrete thresholding
Using discrete L1-thresholding
Component number  1 
Number of iterations:  1 
Component number  2 
Number of iterations:  1 
Component number  3 
Number of iterations:  1 
sNPLS model with 3 components and squared error of 247778.6 
 
Coefficients: 
[1] 28
Your parallel configuration is cluster
Using discrete thresholding
Using discrete L1-thresholding
Component number  1 
Number of iterations:  1 
sNPLS model with 1 components and squared error of 326793.4 
 
Coefficients: 
[1] 29
Your parallel configuration is cluster
Using discrete thresholding
Using discrete L1-thresholding
Component number  1 
Number of iterations:  1 
Component number  2 
Number of iterations:  1 
sNPLS model with 2 components and squared error of 236330.2 
 
Coefficients: 
[1] 30
Your parallel configuration is cluster
Using discrete thresholding
Using discrete L1-thresholding
Component number  1 
Number of iterations:  1 
sNPLS model with 1 components and squared error of 300204.6 
 
Coefficients: 
[1] 31
Your parallel configuration is cluster
Using discrete thresholding
Using discrete L1-thresholding
Component number  1 
Number of iterations:  1 
Component number  2 
Number of iterations:  1 
Component number  3 
Number of iterations:  1 
sNPLS model with 3 components and squared error of 249863.2 
 
Coefficients: 
[1] 32
Your parallel configuration is cluster
Using discrete thresholding
Using discrete L1-thresholding
Component number  1 
Number of iterations:  1 
Component number  2 
Number of iterations:  1 
sNPLS model with 2 components and squared error of 320631.4 
 
Coefficients: 
[1] 33
Your parallel configuration is cluster
Using discrete thresholding
Using discrete L1-thresholding
Component number  1 
Number of iterations:  1 
sNPLS model with 1 components and squared error of 239929.6 
 
Coefficients: 
[1] 34
Your parallel configuration is cluster
Using discrete thresholding
Using discrete L1-thresholding
Component number  1 
Number of iterations:  1 
Component number  2 
Number of iterations:  1 
sNPLS model with 2 components and squared error of 248772.3 
 
Coefficients: 
[1] 35
Your parallel configuration is cluster
Using discrete thresholding
Using discrete L1-thresholding
Component number  1 
Number of iterations:  1 
sNPLS model with 1 components and squared error of 313737.4 
 
Coefficients: 
[1] 36
Your parallel configuration is cluster
Using discrete thresholding
Using discrete L1-thresholding
Component number  1 
Number of iterations:  1 
Component number  2 
Number of iterations:  1 
Component number  3 
Number of iterations:  1 
sNPLS model with 3 components and squared error of 362403 
 
Coefficients: 
[1] 37
Your parallel configuration is cluster
Using discrete thresholding
Using discrete L1-thresholding
Component number  1 
Number of iterations:  1 
Component number  2 
Number of iterations:  1 
sNPLS model with 2 components and squared error of 228816.7 
 
Coefficients: 
[1] 38
Your parallel configuration is cluster
Using discrete thresholding
Using discrete L1-thresholding
Component number  1 
Number of iterations:  1 
sNPLS model with 1 components and squared error of 368408.4 
 
Coefficients: 
[1] 39
Your parallel configuration is cluster
Using discrete thresholding
Using discrete L1-thresholding
Component number  1 
Number of iterations:  1 
sNPLS model with 1 components and squared error of 331923 
 
Coefficients: 
[1] 40
Your parallel configuration is cluster
Using discrete thresholding
Using discrete L1-thresholding
Component number  1 
Number of iterations:  1 
sNPLS model with 1 components and squared error of 284056.5 
 
Coefficients: 
[1] 41
Your parallel configuration is cluster
Using discrete thresholding
Using discrete L1-thresholding
Component number  1 
Number of iterations:  1 
Component number  2 
Number of iterations:  1 
Component number  3 
Number of iterations:  1 
sNPLS model with 3 components and squared error of 341326.2 
 
Coefficients: 
[1] 42
Your parallel configuration is cluster
Using discrete thresholding
Using discrete L1-thresholding
Component number  1 
Number of iterations:  1 
sNPLS model with 1 components and squared error of 221362.6 
 
Coefficients: 
[1] 43
Your parallel configuration is cluster
Using discrete thresholding
Using discrete L1-thresholding
Component number  1 
Number of iterations:  1 
sNPLS model with 1 components and squared error of 295481.7 
 
Coefficients: 
[1] 44
Your parallel configuration is cluster
Using discrete thresholding
Using discrete L1-thresholding
Component number  1 
Number of iterations:  1 
sNPLS model with 1 components and squared error of 219491 
 
Coefficients: 
[1] 45
Your parallel configuration is cluster
Using discrete thresholding
Using discrete L1-thresholding
Component number  1 
Number of iterations:  1 
sNPLS model with 1 components and squared error of 226676.3 
 
Coefficients: 
[1] 46
Your parallel configuration is cluster
Using discrete thresholding
Using discrete L1-thresholding
Component number  1 
Number of iterations:  1 
Component number  2 
Number of iterations:  1 
sNPLS model with 2 components and squared error of 277007.6 
 
Coefficients: 
[1] 47
Your parallel configuration is cluster
Using discrete thresholding
Using discrete L1-thresholding
Component number  1 
Number of iterations:  1 
sNPLS model with 1 components and squared error of 273407.8 
 
Coefficients: 
[1] 48
Your parallel configuration is cluster
Using discrete thresholding
Using discrete L1-thresholding
Component number  1 
Number of iterations:  1 
Component number  2 
Number of iterations:  1 
sNPLS model with 2 components and squared error of 338169.8 
 
Coefficients: 
[1] 49
Your parallel configuration is cluster
Using discrete thresholding
Using discrete L1-thresholding
Component number  1 
Number of iterations:  1 
Component number  2 
Number of iterations:  1 
sNPLS model with 2 components and squared error of 377583.1 
 
Coefficients: 
[1] 50
Your parallel configuration is cluster
Using discrete thresholding
Using discrete L1-thresholding
Component number  1 
Number of iterations:  1 
Component number  2 
Number of iterations:  1 
sNPLS model with 2 components and squared error of 249520.8 
 
Coefficients: 
[1] 51
Your parallel configuration is cluster
Using discrete thresholding
Using discrete L1-thresholding
Component number  1 
Number of iterations:  1 
Component number  2 
Number of iterations:  1 
sNPLS model with 2 components and squared error of 288402.3 
 
Coefficients: 
[1] 52
Your parallel configuration is cluster
Using discrete thresholding
Using discrete L1-thresholding
Component number  1 
Number of iterations:  1 
Component number  2 
Number of iterations:  1 
sNPLS model with 2 components and squared error of 257477.3 
 
Coefficients: 
[1] 53
Your parallel configuration is cluster
Using discrete thresholding
Using discrete L1-thresholding
Component number  1 
Number of iterations:  1 
Component number  2 
Number of iterations:  1 
Component number  3 
Number of iterations:  1 
sNPLS model with 3 components and squared error of 320866.3 
 
Coefficients: 
[1] 54
Your parallel configuration is cluster
Using discrete thresholding
Using discrete L1-thresholding
Component number  1 
Number of iterations:  1 
Component number  2 
Number of iterations:  1 
sNPLS model with 2 components and squared error of 255486.4 
 
Coefficients: 
[1] 55
Your parallel configuration is cluster
Using discrete thresholding
Using discrete L1-thresholding
Component number  1 
Number of iterations:  1 
Component number  2 
Number of iterations:  1 
Component number  3 
Number of iterations:  1 
sNPLS model with 3 components and squared error of 251356.6 
 
Coefficients: 
[1] 56
Your parallel configuration is cluster
Using discrete thresholding
Using discrete L1-thresholding
Component number  1 
Number of iterations:  1 
sNPLS model with 1 components and squared error of 269392.3 
 
Coefficients: 
[1] 57
Your parallel configuration is cluster
Using discrete thresholding
Using discrete L1-thresholding
Component number  1 
Number of iterations:  1 
sNPLS model with 1 components and squared error of 277170.6 
 
Coefficients: 
[1] 58
Your parallel configuration is cluster
Using discrete thresholding
Using discrete L1-thresholding
Component number  1 
Number of iterations:  1 
sNPLS model with 1 components and squared error of 275945.9 
 
Coefficients: 
[1] 59
Your parallel configuration is cluster
Using discrete thresholding
Using discrete L1-thresholding
Component number  1 
Number of iterations:  1 
Component number  2 
Number of iterations:  1 
Component number  3 
Number of iterations:  1 
sNPLS model with 3 components and squared error of 244706.4 
 
Coefficients: 
[1] 60
Your parallel configuration is cluster
Using discrete thresholding
Using discrete L1-thresholding
Component number  1 
Number of iterations:  1 
Component number  2 
Number of iterations:  1 
sNPLS model with 2 components and squared error of 187826.8 
 
Coefficients: 
[1] 61
Your parallel configuration is cluster
Using discrete thresholding
Using discrete L1-thresholding
Component number  1 
Number of iterations:  1 
Component number  2 
Number of iterations:  1 
sNPLS model with 2 components and squared error of 240628.1 
 
Coefficients: 
[1] 62
Your parallel configuration is cluster
Using discrete thresholding
Using discrete L1-thresholding
Component number  1 
Number of iterations:  1 
Component number  2 
Number of iterations:  1 
sNPLS model with 2 components and squared error of 284374.8 
 
Coefficients: 
[1] 63
Your parallel configuration is cluster
Using discrete thresholding
Using discrete L1-thresholding
Component number  1 
Number of iterations:  1 
sNPLS model with 1 components and squared error of 296303.5 
 
Coefficients: 
[1] 64
Your parallel configuration is cluster
Using discrete thresholding
Using discrete L1-thresholding
Component number  1 
Number of iterations:  1 
Component number  2 
Number of iterations:  1 
sNPLS model with 2 components and squared error of 288236.7 
 
Coefficients: 
[1] 65
Your parallel configuration is cluster
Using discrete thresholding
Using discrete L1-thresholding
Component number  1 
Number of iterations:  1 
Component number  2 
Number of iterations:  1 
Component number  3 
Number of iterations:  1 
sNPLS model with 3 components and squared error of 279140.3 
 
Coefficients: 
[1] 66
Your parallel configuration is cluster
Using discrete thresholding
Using discrete L1-thresholding
Component number  1 
Number of iterations:  1 
Component number  2 
Number of iterations:  1 
Component number  3 
Number of iterations:  1 
sNPLS model with 3 components and squared error of 316486 
 
Coefficients: 
[1] 67
Your parallel configuration is cluster
Using discrete thresholding
Using discrete L1-thresholding
Component number  1 
Number of iterations:  1 
Component number  2 
Number of iterations:  1 
sNPLS model with 2 components and squared error of 269176 
 
Coefficients: 
[1] 68
Your parallel configuration is cluster
Using discrete thresholding
Using discrete L1-thresholding
Component number  1 
Number of iterations:  1 
Component number  2 
Number of iterations:  1 
Component number  3 
Number of iterations:  1 
sNPLS model with 3 components and squared error of 234587.3 
 
Coefficients: 
[1] 69
Your parallel configuration is cluster
Using discrete thresholding
Using discrete L1-thresholding
Component number  1 
Number of iterations:  1 
Component number  2 
Number of iterations:  1 
sNPLS model with 2 components and squared error of 279581 
 
Coefficients: 
[1] 70
Your parallel configuration is cluster
Using discrete thresholding
Using discrete L1-thresholding
Component number  1 
Number of iterations:  1 
Component number  2 
Number of iterations:  1 
sNPLS model with 2 components and squared error of 278143 
 
Coefficients: 
[1] 71
Your parallel configuration is cluster
Using discrete thresholding
Using discrete L1-thresholding
Component number  1 
Number of iterations:  1 
Component number  2 
Number of iterations:  1 
Component number  3 
Number of iterations:  1 
sNPLS model with 3 components and squared error of 257091.8 
 
Coefficients: 
[1] 72
Your parallel configuration is cluster
Using discrete thresholding
Using discrete L1-thresholding
Component number  1 
Number of iterations:  1 
Component number  2 
Number of iterations:  1 
sNPLS model with 2 components and squared error of 244768.3 
 
Coefficients: 
[1] 73
Your parallel configuration is cluster
Using discrete thresholding
Using discrete L1-thresholding
Component number  1 
Number of iterations:  1 
Component number  2 
Number of iterations:  1 
Component number  3 
Number of iterations:  1 
sNPLS model with 3 components and squared error of 233022.6 
 
Coefficients: 
[1] 74
Your parallel configuration is cluster
Using discrete thresholding
Using discrete L1-thresholding
Component number  1 
Number of iterations:  1 
Component number  2 
Number of iterations:  1 
Component number  3 
Number of iterations:  1 
sNPLS model with 3 components and squared error of 304513.8 
 
Coefficients: 
[1] 75
Your parallel configuration is cluster
Using discrete thresholding
Using discrete L1-thresholding
Component number  1 
Number of iterations:  1 
sNPLS model with 1 components and squared error of 247657.4 
 
Coefficients: 
[1] 76
Your parallel configuration is cluster
Using discrete thresholding
Using discrete L1-thresholding
Component number  1 
Number of iterations:  1 
Component number  2 
Number of iterations:  1 
sNPLS model with 2 components and squared error of 237485.3 
 
Coefficients: 
[1] 77
Your parallel configuration is cluster
Using discrete thresholding
Using discrete L1-thresholding
Component number  1 
Number of iterations:  1 
sNPLS model with 1 components and squared error of 340606 
 
Coefficients: 
[1] 78
Your parallel configuration is cluster
Using discrete thresholding
Using discrete L1-thresholding
Component number  1 
Number of iterations:  1 
sNPLS model with 1 components and squared error of 346694.1 
 
Coefficients: 
[1] 79
Your parallel configuration is cluster
Using discrete thresholding
Using discrete L1-thresholding
Component number  1 
Number of iterations:  1 
Component number  2 
Number of iterations:  1 
sNPLS model with 2 components and squared error of 289472.1 
 
Coefficients: 
[1] 80
Your parallel configuration is cluster
Using discrete thresholding
Using discrete L1-thresholding
Component number  1 
Number of iterations:  1 
sNPLS model with 1 components and squared error of 326288.2 
 
Coefficients: 
[1] 81
Your parallel configuration is cluster
Using discrete thresholding
Using discrete L1-thresholding
Component number  1 
Number of iterations:  1 
Component number  2 
Number of iterations:  1 
sNPLS model with 2 components and squared error of 268218.4 
 
Coefficients: 
[1] 82
Your parallel configuration is cluster
Using discrete thresholding
Using discrete L1-thresholding
Component number  1 
Number of iterations:  1 
Component number  2 
Number of iterations:  1 
sNPLS model with 2 components and squared error of 202965.9 
 
Coefficients: 
[1] 83
Your parallel configuration is cluster
Using discrete thresholding
Using discrete L1-thresholding
Component number  1 
Number of iterations:  1 
sNPLS model with 1 components and squared error of 258116.3 
 
Coefficients: 
[1] 84
Your parallel configuration is cluster
Using discrete thresholding
Using discrete L1-thresholding
Component number  1 
Number of iterations:  1 
Component number  2 
Number of iterations:  1 
Component number  3 
Number of iterations:  1 
sNPLS model with 3 components and squared error of 214753.4 
 
Coefficients: 
[1] 85
Your parallel configuration is cluster
Using discrete thresholding
Using discrete L1-thresholding
Component number  1 
Number of iterations:  1 
Component number  2 
Number of iterations:  1 
sNPLS model with 2 components and squared error of 234024.1 
 
Coefficients: 
[1] 86
Your parallel configuration is cluster
Using discrete thresholding
Using discrete L1-thresholding
Component number  1 
Number of iterations:  1 
sNPLS model with 1 components and squared error of 277317.6 
 
Coefficients: 
[1] 87
Your parallel configuration is cluster
Using discrete thresholding
Using discrete L1-thresholding
Component number  1 
Number of iterations:  1 
sNPLS model with 1 components and squared error of 268926.2 
 
Coefficients: 
[1] 88
Your parallel configuration is cluster
Using discrete thresholding
Using discrete L1-thresholding
Component number  1 
Number of iterations:  1 
sNPLS model with 1 components and squared error of 251935.1 
 
Coefficients: 
[1] 89
Your parallel configuration is cluster
Using discrete thresholding
Using discrete L1-thresholding
Component number  1 
Number of iterations:  1 
Component number  2 
Number of iterations:  1 
Component number  3 
Number of iterations:  1 
sNPLS model with 3 components and squared error of 253922.6 
 
Coefficients: 
[1] 90
Your parallel configuration is cluster
Using discrete thresholding
Using discrete L1-thresholding
Component number  1 
Number of iterations:  1 
Component number  2 
Number of iterations:  1 
sNPLS model with 2 components and squared error of 239729.9 
 
Coefficients: 
[1] 91
Your parallel configuration is cluster
Using discrete thresholding
Using discrete L1-thresholding
Component number  1 
Number of iterations:  1 
Component number  2 
Number of iterations:  1 
Component number  3 
Number of iterations:  1 
sNPLS model with 3 components and squared error of 228971.3 
 
Coefficients: 
[1] 92
Your parallel configuration is cluster
Using discrete thresholding
Using discrete L1-thresholding
Component number  1 
Number of iterations:  1 
Component number  2 
Number of iterations:  1 
Component number  3 
Number of iterations:  1 
sNPLS model with 3 components and squared error of 230119.2 
 
Coefficients: 
[1] 93
Your parallel configuration is cluster
Using discrete thresholding
Using discrete L1-thresholding
Component number  1 
Number of iterations:  1 
sNPLS model with 1 components and squared error of 275197.2 
 
Coefficients: 
[1] 94
Your parallel configuration is cluster
Using discrete thresholding
Using discrete L1-thresholding
Component number  1 
Number of iterations:  1 
sNPLS model with 1 components and squared error of 232790.6 
 
Coefficients: 
[1] 95
Your parallel configuration is cluster
Using discrete thresholding
Using discrete L1-thresholding
Component number  1 
Number of iterations:  1 
sNPLS model with 1 components and squared error of 288800.5 
 
Coefficients: 
[1] 96
Your parallel configuration is cluster
Using discrete thresholding
Using discrete L1-thresholding
Component number  1 
Number of iterations:  1 
Component number  2 
Number of iterations:  1 
sNPLS model with 2 components and squared error of 216927.2 
 
Coefficients: 
[1] 97
Your parallel configuration is cluster
Using discrete thresholding
Using discrete L1-thresholding
Component number  1 
Number of iterations:  1 
Component number  2 
Number of iterations:  1 
Component number  3 
Number of iterations:  1 
sNPLS model with 3 components and squared error of 359118 
 
Coefficients: 
[1] 98
Your parallel configuration is cluster
Using discrete thresholding
Using discrete L1-thresholding
Component number  1 
Number of iterations:  1 
Component number  2 
Number of iterations:  1 
sNPLS model with 2 components and squared error of 349855.2 
 
Coefficients: 
[1] 99
Your parallel configuration is cluster
Using discrete thresholding
Using discrete L1-thresholding
Component number  1 
Number of iterations:  1 
Component number  2 
Number of iterations:  1 
Component number  3 
Number of iterations:  1 
sNPLS model with 3 components and squared error of 236481.6 
 
Coefficients: 
[1] 100
Your parallel configuration is cluster
Using discrete thresholding
Using discrete L1-thresholding
Component number  1 
Number of iterations:  1 
Component number  2 
Number of iterations:  1 
sNPLS model with 2 components and squared error of 164198.5 
 
Coefficients: 
